<?xml version="1.0" encoding="UTF-8"?>
<!-- Generated by org.testng.reporters.JUnitXMLReporter -->
<testsuite ignored="0" hostname="LAPTOP-086R0F2E" failures="2" tests="12" name="Test" time="0.1" errors="0" timestamp="2021-01-03T11:36:10 IST">
  <testcase classname="testNg.apiclass" name="api1sttest" time="0.0">
    <failure type="org.testng.TestNGException" message="
Parameter &amp;apos;Url&amp;apos; is required by @Test on method api1sttest but has not been marked @Optional or defined
in E:\DataDriven\testng1.xml">
      <![CDATA[org.testng.TestNGException: 
Parameter 'Url' is required by @Test on method api1sttest but has not been marked @Optional or defined
in E:\DataDriven\testng1.xml
at java.base/java.util.ArrayList.forEach(ArrayList.java:1541)
... Removed 26 stack frames]]>
    </failure>
  </testcase> <!-- api1sttest -->
  <testcase classname="testNg.apiclass" name="api2ndTest" time="0.0">
    <failure type="org.testng.TestNGException" message="
Cannot inject @Test annotated Method [api2ndTest] with [class java.lang.String].
For more information on native dependency injection please refer to https://testng.org/doc/documentation-main.html#native-dependency-injection">
      <![CDATA[org.testng.TestNGException: 
Cannot inject @Test annotated Method [api2ndTest] with [class java.lang.String].
For more information on native dependency injection please refer to https://testng.org/doc/documentation-main.html#native-dependency-injection
at java.base/java.util.ArrayList.forEach(ArrayList.java:1541)
... Removed 26 stack frames]]>
    </failure>
  </testcase> <!-- api2ndTest -->
  <testcase classname="testNg.DataProviderAnnotation" name="gmail" time="0.002"/>
  <testcase classname="testNg.DataProviderAnnotation" name="gmail" time="0.002"/>
  <testcase classname="testNg.DataProviderAnnotation" name="gmail" time="0.004"/>
  <testcase classname="testNg.seleniumclass" name="selenium1sttest" time="0.002"/>
  <testcase classname="testNg.seleniumclass" name="selenium2ndTest" time="0.001"/>
  <testcase classname="testNg.testNgclass" name="launchthebrowser" time="0.002"/>
  <testcase classname="testNg.testNgclass" name="typeontextbox" time="0.001"/>
  <testcase classname="testNg.testNgclass" name="mobileTest" time="0.002"/>
  <testcase classname="testNg.testNgclass" name="opentheurl" time="0.002"/>
  <testcase classname="testNg.testNgclass" name="clickonelement" time="0.002"/>
</testsuite> <!-- Test -->
